<?xml version="1.0" encoding="UTF-8"?>
<!-- Generated by org.testng.reporters.JUnitReportReporter -->
<testsuite hostname="Samir-Laptop" failures="0" tests="6" name="src.test.java.com.sbutron.PageTest" time="0.034" errors="1" timestamp="2023-04-17T13:06:59 CDT" skipped="5">
  <testcase classname="src.test.java.com.sbutron.PageTest" name="setup" time="0.034">
    <error message="Preview features are not enabled for src/browserfactory/BrowserFactory (class file version 61.65535). Try running with &#039;--enable-preview&#039;" type="java.lang.UnsupportedClassVersionError">
      <![CDATA[java.lang.UnsupportedClassVersionError: Preview features are not enabled for src/browserfactory/BrowserFactory (class file version 61.65535). Try running with '--enable-preview'
at java.base/java.lang.ClassLoader.defineClass1(Native Method)
at java.base/java.lang.ClassLoader.defineClass(ClassLoader.java:1012)
at java.base/java.security.SecureClassLoader.defineClass(SecureClassLoader.java:150)
at java.base/jdk.internal.loader.BuiltinClassLoader.defineClass(BuiltinClassLoader.java:862)
at java.base/jdk.internal.loader.BuiltinClassLoader.findClassOnClassPathOrNull(BuiltinClassLoader.java:760)
at java.base/jdk.internal.loader.BuiltinClassLoader.loadClassOrNull(BuiltinClassLoader.java:681)
at java.base/jdk.internal.loader.BuiltinClassLoader.loadClass(BuiltinClassLoader.java:639)
at java.base/jdk.internal.loader.ClassLoaders$AppClassLoader.loadClass(ClassLoaders.java:188)
at java.base/java.lang.ClassLoader.loadClass(ClassLoader.java:520)
at src.browserfactory.Browser.<init>(Browser.java:16)
at src.browserfactory.Browser.getInstance(Browser.java:20)
at src.test.java.com.sbutron.PageTest.setup(PageTest.java:28)
at java.base/jdk.internal.reflect.NativeMethodAccessorImpl.invoke0(Native Method)
at java.base/jdk.internal.reflect.NativeMethodAccessorImpl.invoke(NativeMethodAccessorImpl.java:77)
at java.base/jdk.internal.reflect.DelegatingMethodAccessorImpl.invoke(DelegatingMethodAccessorImpl.java:43)
at java.base/java.lang.reflect.Method.invoke(Method.java:568)
at org.testng.internal.invokers.MethodInvocationHelper.invokeMethod(MethodInvocationHelper.java:139)
at org.testng.internal.invokers.MethodInvocationHelper.invokeMethodConsideringTimeout(MethodInvocationHelper.java:69)
at org.testng.internal.invokers.ConfigInvoker.invokeConfigurationMethod(ConfigInvoker.java:361)
at org.testng.internal.invokers.ConfigInvoker.invokeConfigurations(ConfigInvoker.java:296)
at org.testng.TestRunner.invokeTestConfigurations(TestRunner.java:644)
at org.testng.TestRunner.beforeRun(TestRunner.java:633)
at org.testng.TestRunner.run(TestRunner.java:595)
at org.testng.SuiteRunner.runTest(SuiteRunner.java:437)
at org.testng.SuiteRunner.runSequentially(SuiteRunner.java:431)
at org.testng.SuiteRunner.privateRun(SuiteRunner.java:391)
at org.testng.SuiteRunner.run(SuiteRunner.java:330)
at org.testng.SuiteRunnerWorker.runSuite(SuiteRunnerWorker.java:52)
at org.testng.SuiteRunnerWorker.run(SuiteRunnerWorker.java:95)
at org.testng.TestNG.runSuitesSequentially(TestNG.java:1256)
at org.testng.TestNG.runSuitesLocally(TestNG.java:1176)
at org.testng.TestNG.runSuites(TestNG.java:1099)
at org.testng.TestNG.run(TestNG.java:1067)
at org.apache.maven.surefire.testng.TestNGExecutor.run(TestNGExecutor.java:135)
at org.apache.maven.surefire.testng.TestNGDirectoryTestSuite.executeSingleClass(TestNGDirectoryTestSuite.java:112)
at org.apache.maven.surefire.testng.TestNGDirectoryTestSuite.execute(TestNGDirectoryTestSuite.java:99)
at org.apache.maven.surefire.testng.TestNGProvider.invoke(TestNGProvider.java:146)
at org.apache.maven.surefire.booter.ForkedBooter.invokeProviderInSameClassLoader(ForkedBooter.java:384)
at org.apache.maven.surefire.booter.ForkedBooter.runSuitesInProcess(ForkedBooter.java:345)
at org.apache.maven.surefire.booter.ForkedBooter.execute(ForkedBooter.java:126)
at org.apache.maven.surefire.booter.ForkedBooter.main(ForkedBooter.java:418)
]]>
    </error>
  </testcase> <!-- setup -->
  <system-out/>
  <testcase classname="src.test.java.com.sbutron.PageTest" name="alerts" time="0.000">
    <skipped/>
  </testcase> <!-- alerts -->
  <system-out/>
  <testcase classname="src.test.java.com.sbutron.PageTest" name="iframe" time="0.000">
    <skipped/>
  </testcase> <!-- iframe -->
  <system-out/>
  <testcase classname="src.test.java.com.sbutron.PageTest" name="handles" time="0.000">
    <skipped/>
  </testcase> <!-- handles -->
  <system-out/>
  <testcase classname="src.test.java.com.sbutron.PageTest" name="tables" time="0.000">
    <skipped/>
  </testcase> <!-- tables -->
  <system-out/>
  <testcase classname="src.test.java.com.sbutron.PageTest" name="tables" time="0.000">
    <skipped/>
  </testcase> <!-- tables -->
  <system-out/>
</testsuite> <!-- src.test.java.com.sbutron.PageTest -->
