<?xml version="1.0" encoding="UTF-8"?>
<!-- Generated by org.testng.reporters.JUnitReportReporter -->
<testsuite hostname="Samir-Laptop" failures="0" tests="3" name="com.sbutron.SteamPageTest" time="16.025" errors="0" timestamp="2023-03-13T19:27:02 CST" skipped="0">
  <testcase classname="com.sbutron.SteamPageTest" name="loginPageOpen" time="4.266"/>
  <system-out/>
  <testcase classname="com.sbutron.SteamPageTest" name="invalidLoginAttempt" time="6.820"/>
  <system-out/>
  <testcase classname="com.sbutron.SteamPageTest" name="mainPageIsDisplayed" time="4.939"/>
  <system-out/>
</testsuite> <!-- com.sbutron.SteamPageTest -->
